<?xml version="1.0" encoding="UTF-8"?>
<!-- Generated by org.testng.reporters.JUnitReportReporter -->
<testsuite hostname="LAPTOP-1D8K0B0C" failures="0" tests="1" name="test.RestAssuredTest" time="8.116" errors="0" timestamp="2024-12-18T23:53:08 IST" skipped="0">
  <testcase classname="test.RestAssuredTest" name="endToEndTest" time="8.116"/>
  <system-out/>
</testsuite> <!-- test.RestAssuredTest -->
